<?xml version="1.0" encoding="UTF-8"?>
<!-- Generated by org.testng.reporters.JUnitXMLReporter -->
<testsuite ignored="1" hostname="LAPTOP-FRFRGCHU" failures="0" tests="4" name="Default test" time="13.229" errors="0" timestamp="2023-04-15T16:42:59 EDT">
  <testcase classname="com.acti.testcase.LoginPageTest" name="T1_LoginPageTitle" time="0.018"/>
  <testcase classname="com.acti.testcase.LoginPageTest" name="T2_ActiLogoDisplayed" time="0.088"/>
  <testcase classname="com.acti.testcase.LoginPageTest" name="T3_testActiLinkDisplayes" time="0.048"/>
  <testcase classname="com.acti.testcase.LoginPageTest" name="T5_testLoginNegativeFunction" time="0.362"/>
  <testcase classname="com.acti.testcase.LoginPageTest" name="T4_testLoginFunction" time="0.0">
    <ignored/>
  </testcase> <!-- T4_testLoginFunction -->
</testsuite> <!-- Default test -->
