<?xml version="1.0" encoding="UTF-8"?>
<testng-results ignored="0" total="1" passed="1" failed="0" skipped="0">
  <reporter-output>
  </reporter-output>
  <suite started-at="2023-08-15T11:39:47 EDT" name="Default suite" finished-at="2023-08-15T11:39:53 EDT" duration-ms="6866">
    <groups>
    </groups>
    <test started-at="2023-08-15T11:39:47 EDT" name="Default test" finished-at="2023-08-15T11:39:53 EDT" duration-ms="6866">
      <class name="com.acti.driver.DriverManager">
        <test-method signature="initApplication()[pri:0, instance:com.acti.driver.DriverManager@242b836]" started-at="2023-08-15T11:39:47 EDT" name="initApplication" finished-at="2023-08-15T11:39:53 EDT" duration-ms="6757" status="PASS">
          <reporter-output>
          </reporter-output>
        </test-method> <!-- initApplication -->
      </class> <!-- com.acti.driver.DriverManager -->
    </test> <!-- Default test -->
  </suite> <!-- Default suite -->
</testng-results>
