<?xml version="1.0" encoding="UTF-8"?>
<testng-results ignored="0" total="2" passed="2" failed="0" skipped="0">
  <reporter-output>
  </reporter-output>
  <suite started-at="2023-04-19T14:11:30 EDT" name="Default suite" finished-at="2023-04-19T14:12:02 EDT" duration-ms="31886">
    <groups>
    </groups>
    <test started-at="2023-04-19T14:11:30 EDT" name="Default test" finished-at="2023-04-19T14:12:02 EDT" duration-ms="31886">
      <class name="com.acti.testcase.TaskPageTest">
        <test-method is-config="true" signature="setUpReport()[pri:0, instance:com.acti.testcase.TaskPageTest@202b0582]" started-at="2023-04-19T14:11:30 EDT" name="setUpReport" finished-at="2023-04-19T14:11:30 EDT" duration-ms="213" status="PASS">
          <reporter-output>
          </reporter-output>
        </test-method> <!-- setUpReport -->
        <test-method is-config="true" signature="pretest()[pri:0, instance:com.acti.testcase.TaskPageTest@202b0582]" started-at="2023-04-19T14:11:31 EDT" name="pretest" finished-at="2023-04-19T14:11:40 EDT" duration-ms="8879" status="PASS">
          <reporter-output>
          </reporter-output>
        </test-method> <!-- pretest -->
        <test-method signature="addNewCustomer(java.lang.String,java.lang.String)[pri:1, instance:com.acti.testcase.TaskPageTest@202b0582]" started-at="2023-04-19T14:11:40 EDT" name="addNewCustomer" data-provider="actidata" finished-at="2023-04-19T14:11:44 EDT" duration-ms="4499" status="PASS">
          <params>
            <param index="0">
              <value>
                <![CDATA[admin]]>
              </value>
            </param>
            <param index="1">
              <value>
                <![CDATA[manager]]>
              </value>
            </param>
          </params>
          <reporter-output>
          </reporter-output>
        </test-method> <!-- addNewCustomer -->
        <test-method is-config="true" signature="tearDown(org.testng.ITestResult)[pri:0, instance:com.acti.testcase.TaskPageTest@202b0582]" started-at="2023-04-19T14:11:44 EDT" name="tearDown" finished-at="2023-04-19T14:11:45 EDT" duration-ms="327" status="PASS">
          <params>
            <param index="0">
              <value>
                <![CDATA[[TestResult name=addNewCustomer status=SUCCESS method=TaskPageTest.addNewCustomer(java.lang.String,java.lang.String)[pri:1, instance:com.acti.testcase.TaskPageTest@202b0582] output={null}]]]>
              </value>
            </param>
          </params>
          <reporter-output>
          </reporter-output>
        </test-method> <!-- tearDown -->
        <test-method is-config="true" signature="pretest()[pri:0, instance:com.acti.testcase.TaskPageTest@202b0582]" started-at="2023-04-19T14:11:45 EDT" name="pretest" finished-at="2023-04-19T14:11:52 EDT" duration-ms="7548" status="PASS">
          <reporter-output>
          </reporter-output>
        </test-method> <!-- pretest -->
        <test-method signature="deletecustomer(java.lang.String,java.lang.String)[pri:2, instance:com.acti.testcase.TaskPageTest@202b0582]" started-at="2023-04-19T14:11:52 EDT" name="deletecustomer" data-provider="actidata" finished-at="2023-04-19T14:12:02 EDT" duration-ms="9802" status="PASS">
          <params>
            <param index="0">
              <value>
                <![CDATA[admin]]>
              </value>
            </param>
            <param index="1">
              <value>
                <![CDATA[manager]]>
              </value>
            </param>
          </params>
          <reporter-output>
          </reporter-output>
        </test-method> <!-- deletecustomer -->
        <test-method is-config="true" signature="tearDown(org.testng.ITestResult)[pri:0, instance:com.acti.testcase.TaskPageTest@202b0582]" started-at="2023-04-19T14:12:02 EDT" name="tearDown" finished-at="2023-04-19T14:12:02 EDT" duration-ms="65" status="PASS">
          <params>
            <param index="0">
              <value>
                <![CDATA[[TestResult name=deletecustomer status=SUCCESS method=TaskPageTest.deletecustomer(java.lang.String,java.lang.String)[pri:2, instance:com.acti.testcase.TaskPageTest@202b0582] output={null}]]]>
              </value>
            </param>
          </params>
          <reporter-output>
          </reporter-output>
        </test-method> <!-- tearDown -->
      </class> <!-- com.acti.testcase.TaskPageTest -->
    </test> <!-- Default test -->
  </suite> <!-- Default suite -->
</testng-results>
